<?xml version="1.0" encoding="UTF-8"?>
<testng-results ignored="0" total="1" passed="1" failed="0" skipped="0">
  <reporter-output>
  </reporter-output>
  <suite started-at="2022-04-22T14:30:47 IST" name="Default suite" finished-at="2022-04-22T14:31:26 IST" duration-ms="38507">
    <groups>
    </groups>
    <test started-at="2022-04-22T14:30:47 IST" name="Default test" finished-at="2022-04-22T14:31:26 IST" duration-ms="38507">
      <class name="ComponentReference.TestComponentReferencePage">
        <test-method is-config="true" signature="launch()[pri:0, instance:ComponentReference.TestComponentReferencePage@794cb805]" started-at="2022-04-22T14:30:43 IST" name="launch" finished-at="2022-04-22T14:30:47 IST" duration-ms="4067" status="PASS">
          <reporter-output>
          </reporter-output>
        </test-method> <!-- launch -->
        <test-method is-config="true" signature="setup()[pri:0, instance:ComponentReference.TestComponentReferencePage@794cb805]" started-at="2022-04-22T14:30:47 IST" name="setup" finished-at="2022-04-22T14:30:47 IST" duration-ms="36" status="PASS">
          <reporter-output>
          </reporter-output>
        </test-method> <!-- setup -->
        <test-method signature="ComponentReference()[pri:0, instance:ComponentReference.TestComponentReferencePage@794cb805]" started-at="2022-04-22T14:30:47 IST" name="ComponentReference" finished-at="2022-04-22T14:31:26 IST" duration-ms="38437" status="PASS">
          <reporter-output>
          </reporter-output>
        </test-method> <!-- ComponentReference -->
        <test-method is-config="true" signature="close()[pri:0, instance:ComponentReference.TestComponentReferencePage@794cb805]" started-at="2022-04-22T14:31:26 IST" name="close" finished-at="2022-04-22T14:31:26 IST" duration-ms="96" status="PASS">
          <reporter-output>
          </reporter-output>
        </test-method> <!-- close -->
      </class> <!-- ComponentReference.TestComponentReferencePage -->
    </test> <!-- Default test -->
  </suite> <!-- Default suite -->
</testng-results>
